<?xml version="1.0" encoding="UTF-8"?>
<testsuite name="com.mokhovav.base_spring_boot_project.BaseSpringBootProjectTest" tests="1" skipped="0" failures="0" errors="0" timestamp="2020-05-23T09:34:47" hostname="COMPOTIC" time="0.002">
  <properties/>
  <testcase name="trackingTest" classname="com.mokhovav.base_spring_boot_project.BaseSpringBootProjectTest" time="0.002"/>
  <system-out><![CDATA[2020-05-23 12:34:47.493  INFO 14152 --- [    Test worker] o.s.t.c.support.AbstractContextLoader    : Could not detect default resource locations for test class [com.mokhovav.base_spring_boot_project.BaseSpringBootProjectTest]: no resource found for suffixes {-context.xml, Context.groovy}.
2020-05-23 12:34:47.495  INFO 14152 --- [    Test worker] .b.t.c.SpringBootTestContextBootstrapper : Loaded default TestExecutionListener class names from location [META-INF/spring.factories]: [org.springframework.boot.test.autoconfigure.restdocs.RestDocsTestExecutionListener, org.springframework.boot.test.autoconfigure.web.client.MockRestServiceServerResetTestExecutionListener, org.springframework.boot.test.autoconfigure.web.servlet.MockMvcPrintOnlyOnFailureTestExecutionListener, org.springframework.boot.test.autoconfigure.web.servlet.WebDriverTestExecutionListener, org.springframework.boot.test.mock.mockito.MockitoTestExecutionListener, org.springframework.boot.test.mock.mockito.ResetMocksTestExecutionListener, org.springframework.test.context.web.ServletTestExecutionListener, org.springframework.test.context.support.DirtiesContextBeforeModesTestExecutionListener, org.springframework.test.context.support.DependencyInjectionTestExecutionListener, org.springframework.test.context.support.DirtiesContextTestExecutionListener, org.springframework.test.context.transaction.TransactionalTestExecutionListener, org.springframework.test.context.jdbc.SqlScriptsTestExecutionListener, org.springframework.test.context.event.EventPublishingTestExecutionListener]
2020-05-23 12:34:47.496  INFO 14152 --- [    Test worker] .b.t.c.SpringBootTestContextBootstrapper : Using TestExecutionListeners: [org.springframework.test.context.web.ServletTestExecutionListener@7603d96b, org.springframework.test.context.support.DirtiesContextBeforeModesTestExecutionListener@4b8790d1, org.springframework.boot.test.mock.mockito.MockitoTestExecutionListener@391c0eff, org.springframework.boot.test.autoconfigure.SpringBootDependencyInjectionTestExecutionListener@63ee115e, org.springframework.test.context.support.DirtiesContextTestExecutionListener@bce44c9, org.springframework.test.context.event.EventPublishingTestExecutionListener@7cb85c79, org.springframework.boot.test.autoconfigure.restdocs.RestDocsTestExecutionListener@258acee7, org.springframework.boot.test.autoconfigure.web.client.MockRestServiceServerResetTestExecutionListener@367d4fe9, org.springframework.boot.test.autoconfigure.web.servlet.MockMvcPrintOnlyOnFailureTestExecutionListener@4fecbde3, org.springframework.boot.test.autoconfigure.web.servlet.WebDriverTestExecutionListener@71096bf3, org.springframework.boot.test.mock.mockito.ResetMocksTestExecutionListener@2876ec3]
2020-05-23 12:34:47.498  INFO 14152 --- [    Test worker] c.m.b.LoggingConfig                      : Start base_spring_boot_project tests
2020-05-23 12:34:47.499  INFO 14152 --- [    Test worker] c.m.b.LoggingConfig                      : Tracking test
2020-05-23 12:34:47.499  INFO 14152 --- [    Test worker] c.m.b.LoggingConfig                      : Stop base_spring_boot_project tests
]]></system-out>
  <system-err><![CDATA[]]></system-err>
</testsuite>
