<?xml version="1.0" encoding="UTF-8"?>
<testsuite name="com.mokhovav.JustAGameTest" tests="1" skipped="0" failures="0" errors="0" timestamp="2020-05-23T09:34:49" hostname="COMPOTIC" time="0.001">
  <properties/>
  <testcase name="autowiredTest" classname="com.mokhovav.JustAGameTest" time="0.001"/>
  <system-out><![CDATA[2020-05-23 12:34:48.645  INFO 14152 --- [    Test worker] o.s.t.c.support.AbstractContextLoader    : Could not detect default resource locations for test class [com.mokhovav.JustAGameTest]: no resource found for suffixes {-context.xml, Context.groovy}.
2020-05-23 12:34:48.647  INFO 14152 --- [    Test worker] .b.t.c.SpringBootTestContextBootstrapper : Loaded default TestExecutionListener class names from location [META-INF/spring.factories]: [org.springframework.boot.test.autoconfigure.restdocs.RestDocsTestExecutionListener, org.springframework.boot.test.autoconfigure.web.client.MockRestServiceServerResetTestExecutionListener, org.springframework.boot.test.autoconfigure.web.servlet.MockMvcPrintOnlyOnFailureTestExecutionListener, org.springframework.boot.test.autoconfigure.web.servlet.WebDriverTestExecutionListener, org.springframework.boot.test.mock.mockito.MockitoTestExecutionListener, org.springframework.boot.test.mock.mockito.ResetMocksTestExecutionListener, org.springframework.test.context.web.ServletTestExecutionListener, org.springframework.test.context.support.DirtiesContextBeforeModesTestExecutionListener, org.springframework.test.context.support.DependencyInjectionTestExecutionListener, org.springframework.test.context.support.DirtiesContextTestExecutionListener, org.springframework.test.context.transaction.TransactionalTestExecutionListener, org.springframework.test.context.jdbc.SqlScriptsTestExecutionListener, org.springframework.test.context.event.EventPublishingTestExecutionListener]
2020-05-23 12:34:48.648  INFO 14152 --- [    Test worker] .b.t.c.SpringBootTestContextBootstrapper : Using TestExecutionListeners: [org.springframework.test.context.web.ServletTestExecutionListener@1e8ce17f, org.springframework.test.context.support.DirtiesContextBeforeModesTestExecutionListener@39843537, org.springframework.boot.test.mock.mockito.MockitoTestExecutionListener@48a4d062, org.springframework.boot.test.autoconfigure.SpringBootDependencyInjectionTestExecutionListener@3508e20f, org.springframework.test.context.support.DirtiesContextTestExecutionListener@4cf66ac8, org.springframework.test.context.event.EventPublishingTestExecutionListener@54c3d3ec, org.springframework.boot.test.autoconfigure.restdocs.RestDocsTestExecutionListener@3a8a2ed6, org.springframework.boot.test.autoconfigure.web.client.MockRestServiceServerResetTestExecutionListener@4860bb12, org.springframework.boot.test.autoconfigure.web.servlet.MockMvcPrintOnlyOnFailureTestExecutionListener@37bf38fc, org.springframework.boot.test.autoconfigure.web.servlet.WebDriverTestExecutionListener@7d29d154, org.springframework.boot.test.mock.mockito.ResetMocksTestExecutionListener@163eacb9]

  .   ____          _            __ _ _
 /\\ / ___'_ __ _ _(_)_ __  __ _ \ \ \ \
( ( )\___ | '_ | '_| | '_ \/ _` | \ \ \ \
 \\/  ___)| |_)| | | | | || (_| |  ) ) ) )
  '  |____| .__|_| |_|_| |_\__, | / / / /
 =========|_|==============|___/=/_/_/_/
 :: Spring Boot ::        (v2.2.4.RELEASE)

2020-05-23 12:34:48.660  INFO 14152 --- [    Test worker] com.mokhovav.JustAGameTest               : Starting JustAGameTest on COMPOTIC with PID 14152 (started by Engineer in D:\javaProjects\just_a_game)
2020-05-23 12:34:48.660  INFO 14152 --- [    Test worker] com.mokhovav.JustAGameTest               : No active profile set, falling back to default profiles: default
2020-05-23 12:34:49.029  INFO 14152 --- [    Test worker] o.s.s.concurrent.ThreadPoolTaskExecutor  : Initializing ExecutorService 'applicationTaskExecutor'
2020-05-23 12:34:49.049  INFO 14152 --- [    Test worker] o.s.b.a.w.s.WelcomePageHandlerMapping    : Adding welcome page template: index
2020-05-23 12:34:49.136  INFO 14152 --- [    Test worker] com.mokhovav.JustAGameTest               : Started JustAGameTest in 0.487 seconds (JVM running for 4.104)
]]></system-out>
  <system-err><![CDATA[]]></system-err>
</testsuite>
