<?xml version="1.0" encoding="UTF-8"?>
<testsuite name="com.mokhovav.inspiration.InspirationTest" tests="2" skipped="0" failures="0" errors="0" timestamp="2020-05-23T09:34:47" hostname="COMPOTIC" time="0.67">
  <properties/>
  <testcase name="diceServiceTest" classname="com.mokhovav.inspiration.InspirationTest" time="0.669"/>
  <testcase name="autowiredTest" classname="com.mokhovav.inspiration.InspirationTest" time="0.001"/>
  <system-out><![CDATA[2020-05-23 12:34:47.513  INFO 14152 --- [    Test worker] o.s.t.c.support.AbstractContextLoader    : Could not detect default resource locations for test class [com.mokhovav.inspiration.InspirationTest]: no resource found for suffixes {-context.xml, Context.groovy}.
2020-05-23 12:34:47.514  INFO 14152 --- [    Test worker] .b.t.c.SpringBootTestContextBootstrapper : Loaded default TestExecutionListener class names from location [META-INF/spring.factories]: [org.springframework.boot.test.autoconfigure.restdocs.RestDocsTestExecutionListener, org.springframework.boot.test.autoconfigure.web.client.MockRestServiceServerResetTestExecutionListener, org.springframework.boot.test.autoconfigure.web.servlet.MockMvcPrintOnlyOnFailureTestExecutionListener, org.springframework.boot.test.autoconfigure.web.servlet.WebDriverTestExecutionListener, org.springframework.boot.test.mock.mockito.MockitoTestExecutionListener, org.springframework.boot.test.mock.mockito.ResetMocksTestExecutionListener, org.springframework.test.context.web.ServletTestExecutionListener, org.springframework.test.context.support.DirtiesContextBeforeModesTestExecutionListener, org.springframework.test.context.support.DependencyInjectionTestExecutionListener, org.springframework.test.context.support.DirtiesContextTestExecutionListener, org.springframework.test.context.transaction.TransactionalTestExecutionListener, org.springframework.test.context.jdbc.SqlScriptsTestExecutionListener, org.springframework.test.context.event.EventPublishingTestExecutionListener]
2020-05-23 12:34:47.515  INFO 14152 --- [    Test worker] .b.t.c.SpringBootTestContextBootstrapper : Using TestExecutionListeners: [org.springframework.test.context.web.ServletTestExecutionListener@677bf815, org.springframework.test.context.support.DirtiesContextBeforeModesTestExecutionListener@4ce81e37, org.springframework.boot.test.mock.mockito.MockitoTestExecutionListener@7d76f4f3, org.springframework.boot.test.autoconfigure.SpringBootDependencyInjectionTestExecutionListener@711d6c58, org.springframework.test.context.support.DirtiesContextTestExecutionListener@499e993e, org.springframework.test.context.event.EventPublishingTestExecutionListener@458b3f9c, org.springframework.boot.test.autoconfigure.restdocs.RestDocsTestExecutionListener@f109ab2, org.springframework.boot.test.autoconfigure.web.client.MockRestServiceServerResetTestExecutionListener@157558a4, org.springframework.boot.test.autoconfigure.web.servlet.MockMvcPrintOnlyOnFailureTestExecutionListener@281f745d, org.springframework.boot.test.autoconfigure.web.servlet.WebDriverTestExecutionListener@34f4c91d, org.springframework.boot.test.mock.mockito.ResetMocksTestExecutionListener@3f3a003b]

  .   ____          _            __ _ _
 /\\ / ___'_ __ _ _(_)_ __  __ _ \ \ \ \
( ( )\___ | '_ | '_| | '_ \/ _` | \ \ \ \
 \\/  ___)| |_)| | | | | || (_| |  ) ) ) )
  '  |____| .__|_| |_|_| |_\__, | / / / /
 =========|_|==============|___/=/_/_/_/
 :: Spring Boot ::        (v2.2.4.RELEASE)

2020-05-23 12:34:47.530  INFO 14152 --- [    Test worker] c.mokhovav.inspiration.InspirationTest   : Starting InspirationTest on COMPOTIC with PID 14152 (started by Engineer in D:\javaProjects\just_a_game)
2020-05-23 12:34:47.530  INFO 14152 --- [    Test worker] c.mokhovav.inspiration.InspirationTest   : No active profile set, falling back to default profiles: default
2020-05-23 12:34:47.861  INFO 14152 --- [    Test worker] o.s.s.concurrent.ThreadPoolTaskExecutor  : Initializing ExecutorService 'applicationTaskExecutor'
2020-05-23 12:34:47.880  INFO 14152 --- [    Test worker] o.s.b.a.w.s.WelcomePageHandlerMapping    : Adding welcome page template: index
2020-05-23 12:34:47.970  INFO 14152 --- [    Test worker] c.mokhovav.inspiration.InspirationTest   : Started InspirationTest in 0.453 seconds (JVM running for 2.939)
Count of dice value 1 : 1000021
Count of dice value 2 : 1000482
Count of dice value 3 : 999484
Count of dice value 4 : 1000872
Count of dice value 5 : 999398
Count of dice value 6 : 1001437
Count of dice value 7 : 1000283
Count of dice value 8 : 998275
Count of dice value 9 : 999550
Count of dice value 10 : 1000198
Expected value = 1000000.000
Dispersion = 835.715  in percents : 0.084%
]]></system-out>
  <system-err><![CDATA[]]></system-err>
</testsuite>
