<?xml version="1.0" encoding="UTF-8"?>
<testsuite name="com.mokhovav.base_spring_boot_project.exception.ExceptionTest" tests="3" skipped="0" failures="0" errors="0" timestamp="2020-05-23T09:34:47" hostname="COMPOTIC" time="0.005">
  <properties/>
  <testcase name="validExceptionTest" classname="com.mokhovav.base_spring_boot_project.exception.ExceptionTest" time="0.002"/>
  <testcase name="logicalExceptionTest" classname="com.mokhovav.base_spring_boot_project.exception.ExceptionTest" time="0.001"/>
  <testcase name="criticalExceptionTest" classname="com.mokhovav.base_spring_boot_project.exception.ExceptionTest" time="0.001"/>
  <system-out><![CDATA[2020-05-23 12:34:47.501  INFO 14152 --- [    Test worker] o.s.t.c.support.AbstractContextLoader    : Could not detect default resource locations for test class [com.mokhovav.base_spring_boot_project.exception.ExceptionTest]: no resource found for suffixes {-context.xml, Context.groovy}.
2020-05-23 12:34:47.503  INFO 14152 --- [    Test worker] .b.t.c.SpringBootTestContextBootstrapper : Loaded default TestExecutionListener class names from location [META-INF/spring.factories]: [org.springframework.boot.test.autoconfigure.restdocs.RestDocsTestExecutionListener, org.springframework.boot.test.autoconfigure.web.client.MockRestServiceServerResetTestExecutionListener, org.springframework.boot.test.autoconfigure.web.servlet.MockMvcPrintOnlyOnFailureTestExecutionListener, org.springframework.boot.test.autoconfigure.web.servlet.WebDriverTestExecutionListener, org.springframework.boot.test.mock.mockito.MockitoTestExecutionListener, org.springframework.boot.test.mock.mockito.ResetMocksTestExecutionListener, org.springframework.test.context.web.ServletTestExecutionListener, org.springframework.test.context.support.DirtiesContextBeforeModesTestExecutionListener, org.springframework.test.context.support.DependencyInjectionTestExecutionListener, org.springframework.test.context.support.DirtiesContextTestExecutionListener, org.springframework.test.context.transaction.TransactionalTestExecutionListener, org.springframework.test.context.jdbc.SqlScriptsTestExecutionListener, org.springframework.test.context.event.EventPublishingTestExecutionListener]
2020-05-23 12:34:47.504  INFO 14152 --- [    Test worker] .b.t.c.SpringBootTestContextBootstrapper : Using TestExecutionListeners: [org.springframework.test.context.web.ServletTestExecutionListener@45f8688, org.springframework.test.context.support.DirtiesContextBeforeModesTestExecutionListener@664a1adf, org.springframework.boot.test.mock.mockito.MockitoTestExecutionListener@57224a3a, org.springframework.boot.test.autoconfigure.SpringBootDependencyInjectionTestExecutionListener@57de7ab9, org.springframework.test.context.support.DirtiesContextTestExecutionListener@2f4dcd0c, org.springframework.test.context.event.EventPublishingTestExecutionListener@19e7b6d8, org.springframework.boot.test.autoconfigure.restdocs.RestDocsTestExecutionListener@5cd15c44, org.springframework.boot.test.autoconfigure.web.client.MockRestServiceServerResetTestExecutionListener@78feeed5, org.springframework.boot.test.autoconfigure.web.servlet.MockMvcPrintOnlyOnFailureTestExecutionListener@399a696b, org.springframework.boot.test.autoconfigure.web.servlet.WebDriverTestExecutionListener@1def49f6, org.springframework.boot.test.mock.mockito.ResetMocksTestExecutionListener@4b0a0573]
]]></system-out>
  <system-err><![CDATA[]]></system-err>
</testsuite>
